Построение начато 16.09.2015 12:13:21.
     1>Проект "E:\Philipp\Work\Cplusplus\Projects\Bezier\Bezier\Bezier.vcxproj" в узле 2 (целевые объекты rebuild).
     1>_PrepareForClean:
         Файл "Release\Bezier.lastbuildstate" удаляется.
       InitializeBuildStatus:
         Обращение к "Release\Bezier.unsuccessfulbuild".
       ClCompile:
         C:\Program Files (x86)\Microsoft Visual Studio 10.0\VC\bin\CL.exe /c /Zi /nologo /W3 /WX- /O2 /Oi /Oy- /GL /D WIN32 /D _WINDOWS /D NDEBUG /D _UNICODE /D UNICODE /D _AFXDLL /Gm- /EHsc /MD /GS /Gy /fp:precise /Zc:wchar_t /Zc:forScope /Yc"StdAfx.h" /Fp"Release\Bezier.pch" /Fo"Release\\" /Fd"Release\vc100.pdb" /Gd /TP /analyze- /errorReport:prompt stdafx.cpp
         stdafx.cpp
         C:\Program Files (x86)\Microsoft Visual Studio 10.0\VC\bin\CL.exe /c /Zi /nologo /W3 /WX- /O2 /Oi /Oy- /GL /D WIN32 /D _WINDOWS /D NDEBUG /D _UNICODE /D UNICODE /D _AFXDLL /Gm- /EHsc /MD /GS /Gy /fp:precise /Zc:wchar_t /Zc:forScope /Yu"StdAfx.h" /Fp"Release\Bezier.pch" /Fo"Release\\" /Fd"Release\vc100.pdb" /Gd /TP /analyze- /errorReport:prompt Bezier.cpp BezierDoc.cpp BezierView.cpp MainFrm.cpp
         Bezier.cpp
         BezierDoc.cpp
         BezierView.cpp
         MainFrm.cpp
       ResourceCompile:
         C:\Program Files (x86)\Microsoft SDKs\Windows\v7.0A\bin\rc.exe /D NDEBUG /D _UNICODE /D UNICODE /D _AFXDLL /l"0x0409" /IRelease\ /nologo /fo"Release\Bezier.res" Bezier.rc 
       Link:
         C:\Program Files (x86)\Microsoft Visual Studio 10.0\VC\bin\link.exe /ERRORREPORT:PROMPT /OUT:"E:\Philipp\Work\Cplusplus\Projects\Bezier\Release\Bezier.exe" /INCREMENTAL:NO /NOLOGO /MANIFEST /ManifestFile:"Release\Bezier.exe.intermediate.manifest" /MANIFESTUAC:"level='asInvoker' uiAccess='false'" /DEBUG /PDB:"E:\Philipp\Work\Cplusplus\Projects\Bezier\Release\Bezier.pdb" /SUBSYSTEM:WINDOWS /OPT:REF /OPT:ICF /LTCG /TLBID:1 /ENTRY:"wWinMainCRTStartup" /DYNAMICBASE /NXCOMPAT /IMPLIB:"E:\Philipp\Work\Cplusplus\Projects\Bezier\Release\Bezier.lib" /MACHINE:X86 Release\Bezier.res
         Release\Bezier.obj
         Release\BezierDoc.obj
         Release\BezierView.obj
         Release\MainFrm.obj
         Release\stdafx.obj
         Generating code
         Finished generating code
         Bezier.vcxproj -> E:\Philipp\Work\Cplusplus\Projects\Bezier\Release\Bezier.exe
       Manifest:
         C:\Program Files (x86)\Microsoft SDKs\Windows\v7.0A\bin\mt.exe /nologo /verbose /outputresource:"E:\Philipp\Work\Cplusplus\Projects\Bezier\Release\Bezier.exe;#1" /manifest Release\Bezier.exe.intermediate.manifest "C:\Program Files (x86)\Microsoft Visual Studio 10.0\VC\Include\Manifest\dpiaware.manifest"
       FinalizeBuildStatus:
         Файл "Release\Bezier.unsuccessfulbuild" удаляется.
         Обращение к "Release\Bezier.lastbuildstate".
     1>Построение проекта "E:\Philipp\Work\Cplusplus\Projects\Bezier\Bezier\Bezier.vcxproj" завершено (целевые объекты rebuild).

Построение успешно завершено.

Затраченное время: 00:00:43.83
